2025-08-05 20:04:12.393 [info] [main] Log level: Info
2025-08-05 20:04:12.393 [info] [main] Validating found git in: "git"
2025-08-05 20:04:12.393 [info] [main] Using git "2.39.5" from "git"
2025-08-05 20:04:12.393 [info] [Model][doInitialScan] Initial repository scan started
2025-08-05 20:04:12.393 [info] > git rev-parse --show-toplevel [16ms]
2025-08-05 20:04:12.393 [info] > git rev-parse --git-dir --git-common-dir [298ms]
2025-08-05 20:04:12.393 [info] [Model][openRepository] Opened repository (path): /home/dream
2025-08-05 20:04:12.393 [info] [Model][openRepository] Opened repository (real path): /home/dream
2025-08-05 20:04:12.393 [info] > git rev-parse --show-toplevel [140ms]
2025-08-05 20:04:12.393 [info] > git config --get commit.template [147ms]
2025-08-05 20:04:12.393 [info] > git fetch [672ms]
2025-08-05 20:04:12.393 [info] Missing or invalid credentials.
Skip silent fetch commands
Host key verification failed.
fatal: Could not read from remote repository.

Please make sure you have the correct access rights
and the repository exists.
2025-08-05 20:04:12.425 [info] > git rev-parse --show-toplevel [23ms]
2025-08-05 20:04:12.435 [info] > git for-each-ref --format=%(refname)%00%(upstream:short)%00%(objectname)%00%(upstream:track)%00%(upstream:remotename)%00%(upstream:remoteref) refs/heads/main refs/remotes/main [16ms]
2025-08-05 20:04:12.436 [warning] [Git][getBranch] No such branch: main
2025-08-05 20:04:12.454 [info] > git config --get commit.template [45ms]
2025-08-05 20:04:12.484 [info] > git for-each-ref --format=%(refname)%00%(upstream:short)%00%(objectname)%00%(upstream:track)%00%(upstream:remotename)%00%(upstream:remoteref) refs/heads/main refs/remotes/main [34ms]
2025-08-05 20:04:12.484 [warning] [Git][getBranch] No such branch: main
2025-08-05 20:04:12.485 [error] [GitHistoryProvider][resolveHEADMergeBase] Failed to resolve merge base for main: Error: No such branch: main.
2025-08-05 20:04:12.486 [info] > git rev-parse --show-toplevel [52ms]
2025-08-05 20:04:12.520 [info] > git config --get commit.template [38ms]
2025-08-05 20:04:12.520 [info] > git for-each-ref --format=%(refname)%00%(upstream:short)%00%(objectname)%00%(upstream:track)%00%(upstream:remotename)%00%(upstream:remoteref) refs/heads/main refs/remotes/main [56ms]
2025-08-05 20:04:12.521 [warning] [Git][getBranch] No such branch: main
2025-08-05 20:04:12.545 [info] > git rev-parse --show-toplevel [42ms]
2025-08-05 20:04:12.575 [info] > git for-each-ref --format=%(refname)%00%(upstream:short)%00%(objectname)%00%(upstream:track)%00%(upstream:remotename)%00%(upstream:remoteref) refs/heads/main refs/remotes/main [20ms]
2025-08-05 20:04:12.577 [warning] [Git][getBranch] No such branch: main
2025-08-05 20:04:12.611 [info] > git rev-parse --show-toplevel [47ms]
2025-08-05 20:04:12.614 [info] [Model][doInitialScan] Initial repository scan completed - repositories (1), closed repositories (0), parent repositories (0), unsafe repositories (0)
2025-08-05 20:04:12.619 [info] > git for-each-ref --sort -committerdate --format %(refname)%00%(objectname)%00%(*objectname) [9ms]
2025-08-05 20:04:12.620 [info] > git status -z -uall [21ms]
2025-08-05 20:04:12.686 [info] > git config --get commit.template [5ms]
2025-08-05 20:04:12.686 [info] > git for-each-ref --format=%(refname)%00%(upstream:short)%00%(objectname)%00%(upstream:track)%00%(upstream:remotename)%00%(upstream:remoteref) refs/heads/main refs/remotes/main [1ms]
2025-08-05 20:04:12.687 [warning] [Git][getBranch] No such branch: main
2025-08-05 20:04:12.697 [info] > git for-each-ref --sort -committerdate --format %(refname)%00%(objectname)%00%(*objectname) [1ms]
2025-08-05 20:04:12.703 [info] > git status -z -uall [12ms]
2025-08-05 20:04:12.776 [info] > git check-ignore -v -z --stdin [1ms]
2025-08-05 20:04:21.540 [info] > git config --get commit.template [7ms]
2025-08-05 20:04:21.541 [info] > git for-each-ref --format=%(refname)%00%(upstream:short)%00%(objectname)%00%(upstream:track)%00%(upstream:remotename)%00%(upstream:remoteref) refs/heads/main refs/remotes/main [2ms]
2025-08-05 20:04:21.541 [warning] [Git][getBranch] No such branch: main
2025-08-05 20:04:21.554 [info] > git for-each-ref --sort -committerdate --format %(refname)%00%(objectname)%00%(*objectname) [2ms]
2025-08-05 20:04:21.560 [info] > git status -z -uall [14ms]
2025-08-05 20:04:24.305 [info] > git check-ignore -v -z --stdin [1ms]
2025-08-05 20:04:25.582 [info] > git show --textconv :code-stack-MON-04-AUGUST-2025-09-28-PM.md [8ms]
2025-08-05 20:04:25.590 [info] > git ls-files --stage -- code-stack-MON-04-AUGUST-2025-09-28-PM.md [8ms]
2025-08-05 20:04:25.596 [info] > git hash-object -t tree /dev/null [7ms]
2025-08-05 20:04:25.597 [warning] [GitFileSystemProvider][readFile] File not found - git:/home/dream/code-stack-MON-04-AUGUST-2025-09-28-PM.md.git?%7B%22path%22%3A%22%2Fhome%2Fdream%2Fcode-stack-MON-04-AUGUST-2025-09-28-PM.md%22%2C%22ref%22%3A%22%22%7D
2025-08-05 20:04:25.603 [info] > git hash-object -t tree /dev/null [8ms]
2025-08-05 20:04:25.603 [warning] [GitFileSystemProvider][stat] File not found - git:/home/dream/code-stack-MON-04-AUGUST-2025-09-28-PM.md.git?%7B%22path%22%3A%22%2Fhome%2Fdream%2Fcode-stack-MON-04-AUGUST-2025-09-28-PM.md%22%2C%22ref%22%3A%22%22%7D
2025-08-05 20:04:28.829 [info] > git config --get commit.template [7ms]
2025-08-05 20:04:28.829 [info] > git for-each-ref --format=%(refname)%00%(upstream:short)%00%(objectname)%00%(upstream:track)%00%(upstream:remotename)%00%(upstream:remoteref) refs/heads/main refs/remotes/main [1ms]
2025-08-05 20:04:28.829 [warning] [Git][getBranch] No such branch: main
2025-08-05 20:04:28.842 [info] > git for-each-ref --sort -committerdate --format %(refname)%00%(objectname)%00%(*objectname) [2ms]
2025-08-05 20:04:28.849 [info] > git status -z -uall [14ms]
2025-08-05 20:04:39.836 [info] > git config --get commit.template [6ms]
2025-08-05 20:04:39.836 [info] > git for-each-ref --format=%(refname)%00%(upstream:short)%00%(objectname)%00%(upstream:track)%00%(upstream:remotename)%00%(upstream:remoteref) refs/heads/main refs/remotes/main [1ms]
2025-08-05 20:04:39.836 [warning] [Git][getBranch] No such branch: main
2025-08-05 20:04:39.849 [info] > git for-each-ref --sort -committerdate --format %(refname)%00%(objectname)%00%(*objectname) [2ms]
2025-08-05 20:04:39.854 [info] > git status -z -uall [12ms]
2025-08-05 20:04:44.892 [info] > git config --get commit.template [7ms]
2025-08-05 20:04:44.892 [info] > git for-each-ref --format=%(refname)%00%(upstream:short)%00%(objectname)%00%(upstream:track)%00%(upstream:remotename)%00%(upstream:remoteref) refs/heads/main refs/remotes/main [1ms]
2025-08-05 20:04:44.892 [warning] [Git][getBranch] No such branch: main
2025-08-05 20:04:44.905 [info] > git for-each-ref --sort -committerdate --format %(refname)%00%(objectname)%00%(*objectname) [1ms]
2025-08-05 20:04:44.910 [info] > git status -z -uall [12ms]
2025-08-05 20:05:19.106 [info] > git config --get commit.template [6ms]
2025-08-05 20:05:19.107 [info] > git for-each-ref --format=%(refname)%00%(upstream:short)%00%(objectname)%00%(upstream:track)%00%(upstream:remotename)%00%(upstream:remoteref) refs/heads/main refs/remotes/main [2ms]
2025-08-05 20:05:19.107 [warning] [Git][getBranch] No such branch: main
2025-08-05 20:05:19.118 [info] > git for-each-ref --sort -committerdate --format %(refname)%00%(objectname)%00%(*objectname) [1ms]
2025-08-05 20:05:19.123 [info] > git status -z -uall [11ms]
2025-08-05 20:05:24.157 [info] > git config --get commit.template [8ms]
2025-08-05 20:05:24.157 [info] > git for-each-ref --format=%(refname)%00%(upstream:short)%00%(objectname)%00%(upstream:track)%00%(upstream:remotename)%00%(upstream:remoteref) refs/heads/main refs/remotes/main [1ms]
2025-08-05 20:05:24.158 [warning] [Git][getBranch] No such branch: main
2025-08-05 20:05:24.173 [info] > git for-each-ref --sort -committerdate --format %(refname)%00%(objectname)%00%(*objectname) [1ms]
2025-08-05 20:05:24.177 [info] > git status -z -uall [14ms]
